Fontconfig error: "/etc/fonts/local.conf", line 1: no element found
Fontconfig error: "/etc/fonts/local.conf", line 1: no element found
Fontconfig error: "/etc/fonts/local.conf", line 1: no element found
Fontconfig error: "/etc/fonts/local.conf", line 1: no element found
Fontconfig error: "/etc/fonts/local.conf", line 1: no element found
Fontconfig error: "/etc/fonts/local.conf", line 1: no element found
Fontconfig error: "/etc/fonts/local.conf", line 1: no element found
Fontconfig error: "/etc/fonts/local.conf", line 1: no element found

###!!! [Parent][RunMessage] Error: Channel closing: too late to send/recv, messages will be lost

[Parent 19199, Gecko_IOThread] WARNING: pipe error (124): Connection reset by peer: file /build/firefox-fvtOIe/firefox-64.0+linuxmint2+tessa/ipc/chromium/src/chrome/common/ipc_channel_posix.cc, line 363
Fontconfig error: "/etc/fonts/local.conf", line 1: no element found
[Parent 19199, Gecko_IOThread] WARNING: pipe error: Broken pipe: file /build/firefox-fvtOIe/firefox-64.0+linuxmint2+tessa/ipc/chromium/src/chrome/common/ipc_channel_posix.cc, line 736
[Parent 19199, Gecko_IOThread] WARNING: pipe error: Broken pipe: file /build/firefox-fvtOIe/firefox-64.0+linuxmint2+tessa/ipc/chromium/src/chrome/common/ipc_channel_posix.cc, line 736
[Parent 19199, Gecko_IOThread] WARNING: pipe error (153): Connection reset by peer: file /build/firefox-fvtOIe/firefox-64.0+linuxmint2+tessa/ipc/chromium/src/chrome/common/ipc_channel_posix.cc, line 363
[Child 28755, MediaPlayback #2] WARNING: Decoder=7f256a7752f0 Decode error: NS_ERROR_DOM_MEDIA_FATAL_ERR (0x806e0005) - RefPtr<mozilla::MozPromise<RefPtr<mozilla::MediaTrackDemuxer::SamplesHolder>, mozilla::MediaResult, true> > mozilla::MediaSourceTrackDemuxer::DoGetSamples(int32_t): manager is detached.: file /build/firefox-fvtOIe/firefox-64.0+linuxmint2+tessa/dom/media/MediaDecoderStateMachine.cpp, line 3434
[Child 28755, MediaPlayback #2] WARNING: Decoder=7f256a7752f0 Decode error: NS_ERROR_DOM_MEDIA_FATAL_ERR (0x806e0005) - RefPtr<mozilla::MozPromise<RefPtr<mozilla::MediaTrackDemuxer::SamplesHolder>, mozilla::MediaResult, true> > mozilla::MediaSourceTrackDemuxer::DoGetSamples(int32_t): manager is detached.: file /build/firefox-fvtOIe/firefox-64.0+linuxmint2+tessa/dom/media/MediaDecoderStateMachine.cpp, line 3434
[Child 28755, MediaPlayback #3] WARNING: Decoder=7f256a7752f0 Decode error: NS_ERROR_DOM_MEDIA_FATAL_ERR (0x806e0005) - RefPtr<mozilla::MozPromise<RefPtr<mozilla::MediaTrackDemuxer::SamplesHolder>, mozilla::MediaResult, true> > mozilla::MediaSourceTrackDemuxer::DoGetSamples(int32_t): manager is detached.: file /build/firefox-fvtOIe/firefox-64.0+linuxmint2+tessa/dom/media/MediaDecoderStateMachine.cpp, line 3434
[Child 28755, MediaPlayback #4] WARNING: Decoder=7f256a7752f0 Decode error: NS_ERROR_DOM_MEDIA_FATAL_ERR (0x806e0005) - RefPtr<mozilla::MozPromise<RefPtr<mozilla::MediaTrackDemuxer::SamplesHolder>, mozilla::MediaResult, true> > mozilla::MediaSourceTrackDemuxer::DoGetSamples(int32_t): manager is detached.: file /build/firefox-fvtOIe/firefox-64.0+linuxmint2+tessa/dom/media/MediaDecoderStateMachine.cpp, line 3434
[Child 28755, MediaPlayback #4] WARNING: Decoder=7f256a7752f0 Decode error: NS_ERROR_DOM_MEDIA_FATAL_ERR (0x806e0005) - RefPtr<mozilla::MozPromise<RefPtr<mozilla::MediaTrackDemuxer::SamplesHolder>, mozilla::MediaResult, true> > mozilla::MediaSourceTrackDemuxer::DoGetSamples(int32_t): manager is detached.: file /build/firefox-fvtOIe/firefox-64.0+linuxmint2+tessa/dom/media/MediaDecoderStateMachine.cpp, line 3434

###!!! [Parent][MessageChannel] Error: (msgtype=0x190084,name=PBrowser::Msg_Destroy) Channel error: cannot send/recv


###!!! [Parent][MessageChannel] Error: (msgtype=0x300113,name=PContent::Msg_AsyncMessage) Channel error: cannot send/recv


###!!! [Parent][MessageChannel] Error: (msgtype=0x300113,name=PContent::Msg_AsyncMessage) Channel error: cannot send/recv


###!!! [Parent][MessageChannel] Error: (msgtype=0x300113,name=PContent::Msg_AsyncMessage) Channel error: cannot send/recv


###!!! [Parent][MessageChannel] Error: (msgtype=0x300113,name=PContent::Msg_AsyncMessage) Channel error: cannot send/recv


###!!! [Parent][MessageChannel] Error: (msgtype=0x300113,name=PContent::Msg_AsyncMessage) Channel error: cannot send/recv


###!!! [Parent][MessageChannel] Error: (msgtype=0x300113,name=PContent::Msg_AsyncMessage) Channel error: cannot send/recv


###!!! [Parent][MessageChannel] Error: (msgtype=0x300113,name=PContent::Msg_AsyncMessage) Channel error: cannot send/recv


###!!! [Parent][MessageChannel] Error: (msgtype=0x300113,name=PContent::Msg_AsyncMessage) Channel error: cannot send/recv


###!!! [Parent][MessageChannel] Error: (msgtype=0x300113,name=PContent::Msg_AsyncMessage) Channel error: cannot send/recv


###!!! [Parent][MessageChannel] Error: (msgtype=0x300113,name=PContent::Msg_AsyncMessage) Channel error: cannot send/recv


###!!! [Parent][MessageChannel] Error: (msgtype=0x300113,name=PContent::Msg_AsyncMessage) Channel error: cannot send/recv


###!!! [Parent][MessageChannel] Error: (msgtype=0x300113,name=PContent::Msg_AsyncMessage) Channel error: cannot send/recv


###!!! [Parent][MessageChannel] Error: (msgtype=0x300113,name=PContent::Msg_AsyncMessage) Channel error: cannot send/recv


###!!! [Parent][MessageChannel] Error: (msgtype=0x300113,name=PContent::Msg_AsyncMessage) Channel error: cannot send/recv


###!!! [Parent][MessageChannel] Error: (msgtype=0x300113,name=PContent::Msg_AsyncMessage) Channel error: cannot send/recv


###!!! [Parent][MessageChannel] Error: (msgtype=0x190001,name=PBrowser::Msg_AsyncMessage) Channel error: cannot send/recv


###!!! [Parent][MessageChannel] Error: (msgtype=0x190001,name=PBrowser::Msg_AsyncMessage) Channel error: cannot send/recv


###!!! [Parent][MessageChannel] Error: (msgtype=0x190001,name=PBrowser::Msg_AsyncMessage) Channel error: cannot send/recv


###!!! [Parent][MessageChannel] Error: (msgtype=0x190001,name=PBrowser::Msg_AsyncMessage) Channel error: cannot send/recv


###!!! [Parent][MessageChannel] Error: (msgtype=0x190001,name=PBrowser::Msg_AsyncMessage) Channel error: cannot send/recv


###!!! [Parent][MessageChannel] Error: (msgtype=0x190001,name=PBrowser::Msg_AsyncMessage) Channel error: cannot send/recv


###!!! [Parent][MessageChannel] Error: (msgtype=0x190001,name=PBrowser::Msg_AsyncMessage) Channel error: cannot send/recv


###!!! [Parent][MessageChannel] Error: (msgtype=0x190001,name=PBrowser::Msg_AsyncMessage) Channel error: cannot send/recv


###!!! [Parent][MessageChannel] Error: (msgtype=0x190001,name=PBrowser::Msg_AsyncMessage) Channel error: cannot send/recv


###!!! [Parent][MessageChannel] Error: (msgtype=0x190001,name=PBrowser::Msg_AsyncMessage) Channel error: cannot send/recv


###!!! [Parent][MessageChannel] Error: (msgtype=0x190001,name=PBrowser::Msg_AsyncMessage) Channel error: cannot send/recv


###!!! [Parent][MessageChannel] Error: (msgtype=0x190001,name=PBrowser::Msg_AsyncMessage) Channel error: cannot send/recv


###!!! [Parent][MessageChannel] Error: (msgtype=0x190084,name=PBrowser::Msg_Destroy) Channel error: cannot send/recv


###!!! [Parent][MessageChannel] Error: (msgtype=0x300052,name=PContent::Msg_BlobURLUnregistration) Channel error: cannot send/recv


###!!! [Parent][MessageChannel] Error: (msgtype=0x300052,name=PContent::Msg_BlobURLUnregistration) Channel error: cannot send/recv


###!!! [Parent][MessageChannel] Error: (msgtype=0x300052,name=PContent::Msg_BlobURLUnregistration) Channel error: cannot send/recv


###!!! [Parent][MessageChannel] Error: (msgtype=0x300052,name=PContent::Msg_BlobURLUnregistration) Channel error: cannot send/recv


###!!! [Parent][MessageChannel] Error: (msgtype=0x300052,name=PContent::Msg_BlobURLUnregistration) Channel error: cannot send/recv


###!!! [Parent][MessageChannel] Error: (msgtype=0x300052,name=PContent::Msg_BlobURLUnregistration) Channel error: cannot send/recv


###!!! [Parent][MessageChannel] Error: (msgtype=0x300052,name=PContent::Msg_BlobURLUnregistration) Channel error: cannot send/recv


###!!! [Parent][MessageChannel] Error: (msgtype=0x300052,name=PContent::Msg_BlobURLUnregistration) Channel error: cannot send/recv


###!!! [Parent][MessageChannel] Error: (msgtype=0x300052,name=PContent::Msg_BlobURLUnregistration) Channel error: cannot send/recv


###!!! [Parent][MessageChannel] Error: (msgtype=0x300052,name=PContent::Msg_BlobURLUnregistration) Channel error: cannot send/recv


###!!! [Parent][MessageChannel] Error: (msgtype=0x300052,name=PContent::Msg_BlobURLUnregistration) Channel error: cannot send/recv


###!!! [Parent][MessageChannel] Error: (msgtype=0x300052,name=PContent::Msg_BlobURLUnregistration) Channel error: cannot send/recv


###!!! [Parent][MessageChannel] Error: (msgtype=0x300052,name=PContent::Msg_BlobURLUnregistration) Channel error: cannot send/recv


###!!! [Parent][MessageChannel] Error: (msgtype=0x300052,name=PContent::Msg_BlobURLUnregistration) Channel error: cannot send/recv


###!!! [Parent][MessageChannel] Error: (msgtype=0x300052,name=PContent::Msg_BlobURLUnregistration) Channel error: cannot send/recv


###!!! [Parent][MessageChannel] Error: (msgtype=0x300052,name=PContent::Msg_BlobURLUnregistration) Channel error: cannot send/recv


###!!! [Parent][MessageChannel] Error: (msgtype=0x300052,name=PContent::Msg_BlobURLUnregistration) Channel error: cannot send/recv


###!!! [Parent][MessageChannel] Error: (msgtype=0x300052,name=PContent::Msg_BlobURLUnregistration) Channel error: cannot send/recv


###!!! [Parent][MessageChannel] Error: (msgtype=0x300052,name=PContent::Msg_BlobURLUnregistration) Channel error: cannot send/recv


###!!! [Parent][MessageChannel] Error: (msgtype=0x300052,name=PContent::Msg_BlobURLUnregistration) Channel error: cannot send/recv


###!!! [Parent][MessageChannel] Error: (msgtype=0x300052,name=PContent::Msg_BlobURLUnregistration) Channel error: cannot send/recv


###!!! [Parent][MessageChannel] Error: (msgtype=0x300052,name=PContent::Msg_BlobURLUnregistration) Channel error: cannot send/recv


###!!! [Parent][MessageChannel] Error: (msgtype=0x300052,name=PContent::Msg_BlobURLUnregistration) Channel error: cannot send/recv


###!!! [Parent][MessageChannel] Error: (msgtype=0x300052,name=PContent::Msg_BlobURLUnregistration) Channel error: cannot send/recv


###!!! [Parent][MessageChannel] Error: (msgtype=0x300052,name=PContent::Msg_BlobURLUnregistration) Channel error: cannot send/recv


###!!! [Parent][MessageChannel] Error: (msgtype=0x300052,name=PContent::Msg_BlobURLUnregistration) Channel error: cannot send/recv


###!!! [Parent][MessageChannel] Error: (msgtype=0x300052,name=PContent::Msg_BlobURLUnregistration) Channel error: cannot send/recv


###!!! [Parent][MessageChannel] Error: (msgtype=0x300052,name=PContent::Msg_BlobURLUnregistration) Channel error: cannot send/recv


###!!! [Parent][MessageChannel] Error: (msgtype=0x300052,name=PContent::Msg_BlobURLUnregistration) Channel error: cannot send/recv


###!!! [Parent][MessageChannel] Error: (msgtype=0x300052,name=PContent::Msg_BlobURLUnregistration) Channel error: cannot send/recv


###!!! [Parent][MessageChannel] Error: (msgtype=0x300052,name=PContent::Msg_BlobURLUnregistration) Channel error: cannot send/recv


###!!! [Parent][MessageChannel] Error: (msgtype=0x300052,name=PContent::Msg_BlobURLUnregistration) Channel error: cannot send/recv


###!!! [Parent][MessageChannel] Error: (msgtype=0x300052,name=PContent::Msg_BlobURLUnregistration) Channel error: cannot send/recv


###!!! [Parent][MessageChannel] Error: (msgtype=0x300052,name=PContent::Msg_BlobURLUnregistration) Channel error: cannot send/recv


###!!! [Parent][MessageChannel] Error: (msgtype=0x300052,name=PContent::Msg_BlobURLUnregistration) Channel error: cannot send/recv


###!!! [Parent][MessageChannel] Error: (msgtype=0x300052,name=PContent::Msg_BlobURLUnregistration) Channel error: cannot send/recv


###!!! [Parent][MessageChannel] Error: (msgtype=0x300052,name=PContent::Msg_BlobURLUnregistration) Channel error: cannot send/recv


###!!! [Parent][MessageChannel] Error: (msgtype=0x300052,name=PContent::Msg_BlobURLUnregistration) Channel error: cannot send/recv


###!!! [Parent][MessageChannel] Error: (msgtype=0x300052,name=PContent::Msg_BlobURLUnregistration) Channel error: cannot send/recv


###!!! [Parent][MessageChannel] Error: (msgtype=0x190084,name=PBrowser::Msg_Destroy) Channel error: cannot send/recv


###!!! [Parent][MessageChannel] Error: (msgtype=0x300113,name=PContent::Msg_AsyncMessage) Channel error: cannot send/recv


###!!! [Parent][MessageChannel] Error: (msgtype=0x300113,name=PContent::Msg_AsyncMessage) Channel error: cannot send/recv


###!!! [Parent][MessageChannel] Error: (msgtype=0x300113,name=PContent::Msg_AsyncMessage) Channel error: cannot send/recv


###!!! [Parent][MessageChannel] Error: (msgtype=0x190084,name=PBrowser::Msg_Destroy) Channel error: cannot send/recv


###!!! [Parent][MessageChannel] Error: (msgtype=0x190084,name=PBrowser::Msg_Destroy) Channel error: cannot send/recv


###!!! [Parent][MessageChannel] Error: (msgtype=0x300113,name=PContent::Msg_AsyncMessage) Channel error: cannot send/recv


###!!! [Parent][MessageChannel] Error: (msgtype=0x300113,name=PContent::Msg_AsyncMessage) Channel error: cannot send/recv


###!!! [Parent][MessageChannel] Error: (msgtype=0x300113,name=PContent::Msg_AsyncMessage) Channel error: cannot send/recv


###!!! [Parent][MessageChannel] Error: (msgtype=0x300113,name=PContent::Msg_AsyncMessage) Channel error: cannot send/recv


###!!! [Parent][MessageChannel] Error: (msgtype=0x300113,name=PContent::Msg_AsyncMessage) Channel error: cannot send/recv


###!!! [Parent][MessageChannel] Error: (msgtype=0x300113,name=PContent::Msg_AsyncMessage) Channel error: cannot send/recv


###!!! [Parent][MessageChannel] Error: (msgtype=0x300113,name=PContent::Msg_AsyncMessage) Channel error: cannot send/recv


###!!! [Parent][MessageChannel] Error: (msgtype=0x300113,name=PContent::Msg_AsyncMessage) Channel error: cannot send/recv


###!!! [Parent][MessageChannel] Error: (msgtype=0x300113,name=PContent::Msg_AsyncMessage) Channel error: cannot send/recv


###!!! [Parent][MessageChannel] Error: (msgtype=0x300113,name=PContent::Msg_AsyncMessage) Channel error: cannot send/recv


###!!! [Parent][MessageChannel] Error: (msgtype=0x300113,name=PContent::Msg_AsyncMessage) Channel error: cannot send/recv


###!!! [Parent][MessageChannel] Error: (msgtype=0x300113,name=PContent::Msg_AsyncMessage) Channel error: cannot send/recv


###!!! [Parent][MessageChannel] Error: (msgtype=0x190001,name=PBrowser::Msg_AsyncMessage) Channel error: cannot send/recv


###!!! [Parent][MessageChannel] Error: (msgtype=0x190001,name=PBrowser::Msg_AsyncMessage) Channel error: cannot send/recv


###!!! [Parent][MessageChannel] Error: (msgtype=0x190001,name=PBrowser::Msg_AsyncMessage) Channel error: cannot send/recv


###!!! [Parent][MessageChannel] Error: (msgtype=0x190001,name=PBrowser::Msg_AsyncMessage) Channel error: cannot send/recv


###!!! [Parent][MessageChannel] Error: (msgtype=0x190001,name=PBrowser::Msg_AsyncMessage) Channel error: cannot send/recv


###!!! [Parent][MessageChannel] Error: (msgtype=0x190001,name=PBrowser::Msg_AsyncMessage) Channel error: cannot send/recv


###!!! [Parent][MessageChannel] Error: (msgtype=0x190001,name=PBrowser::Msg_AsyncMessage) Channel error: cannot send/recv


###!!! [Parent][MessageChannel] Error: (msgtype=0x190001,name=PBrowser::Msg_AsyncMessage) Channel error: cannot send/recv


###!!! [Parent][MessageChannel] Error: (msgtype=0x190084,name=PBrowser::Msg_Destroy) Channel error: cannot send/recv


###!!! [Parent][MessageChannel] Error: (msgtype=0x300113,name=PContent::Msg_AsyncMessage) Channel error: cannot send/recv


###!!! [Parent][MessageChannel] Error: (msgtype=0x300113,name=PContent::Msg_AsyncMessage) Channel error: cannot send/recv


###!!! [Parent][MessageChannel] Error: (msgtype=0x300113,name=PContent::Msg_AsyncMessage) Channel error: cannot send/recv


###!!! [Parent][MessageChannel] Error: (msgtype=0x300113,name=PContent::Msg_AsyncMessage) Channel error: cannot send/recv


###!!! [Parent][MessageChannel] Error: (msgtype=0x300113,name=PContent::Msg_AsyncMessage) Channel error: cannot send/recv


###!!! [Parent][MessageChannel] Error: (msgtype=0x300113,name=PContent::Msg_AsyncMessage) Channel error: cannot send/recv


###!!! [Parent][MessageChannel] Error: (msgtype=0x190084,name=PBrowser::Msg_Destroy) Channel error: cannot send/recv


###!!! [Parent][MessageChannel] Error: (msgtype=0x300113,name=PContent::Msg_AsyncMessage) Channel error: cannot send/recv


###!!! [Parent][MessageChannel] Error: (msgtype=0x300113,name=PContent::Msg_AsyncMessage) Channel error: cannot send/recv


###!!! [Parent][MessageChannel] Error: (msgtype=0x300113,name=PContent::Msg_AsyncMessage) Channel error: cannot send/recv


###!!! [Parent][MessageChannel] Error: (msgtype=0x300113,name=PContent::Msg_AsyncMessage) Channel error: cannot send/recv


###!!! [Parent][MessageChannel] Error: (msgtype=0x300113,name=PContent::Msg_AsyncMessage) Channel error: cannot send/recv


###!!! [Parent][MessageChannel] Error: (msgtype=0x300113,name=PContent::Msg_AsyncMessage) Channel error: cannot send/recv


###!!! [Parent][MessageChannel] Error: (msgtype=0x300113,name=PContent::Msg_AsyncMessage) Channel error: cannot send/recv


###!!! [Parent][MessageChannel] Error: (msgtype=0x300113,name=PContent::Msg_AsyncMessage) Channel error: cannot send/recv


###!!! [Parent][MessageChannel] Error: (msgtype=0x300113,name=PContent::Msg_AsyncMessage) Channel error: cannot send/recv


###!!! [Parent][MessageChannel] Error: (msgtype=0x300113,name=PContent::Msg_AsyncMessage) Channel error: cannot send/recv


###!!! [Parent][MessageChannel] Error: (msgtype=0x300113,name=PContent::Msg_AsyncMessage) Channel error: cannot send/recv


###!!! [Parent][MessageChannel] Error: (msgtype=0x300113,name=PContent::Msg_AsyncMessage) Channel error: cannot send/recv


###!!! [Parent][MessageChannel] Error: (msgtype=0x300113,name=PContent::Msg_AsyncMessage) Channel error: cannot send/recv


###!!! [Parent][MessageChannel] Error: (msgtype=0x300113,name=PContent::Msg_AsyncMessage) Channel error: cannot send/recv


###!!! [Parent][MessageChannel] Error: (msgtype=0x300113,name=PContent::Msg_AsyncMessage) Channel error: cannot send/recv


###!!! [Parent][MessageChannel] Error: (msgtype=0x190084,name=PBrowser::Msg_Destroy) Channel error: cannot send/recv


###!!! [Parent][MessageChannel] Error: (msgtype=0x190084,name=PBrowser::Msg_Destroy) Channel error: cannot send/recv


###!!! [Parent][MessageChannel] Error: (msgtype=0x190084,name=PBrowser::Msg_Destroy) Channel error: cannot send/recv


###!!! [Parent][MessageChannel] Error: (msgtype=0x190084,name=PBrowser::Msg_Destroy) Channel error: cannot send/recv


###!!! [Parent][MessageChannel] Error: (msgtype=0x190001,name=PBrowser::Msg_AsyncMessage) Channel error: cannot send/recv


###!!! [Parent][MessageChannel] Error: (msgtype=0x190001,name=PBrowser::Msg_AsyncMessage) Channel error: cannot send/recv


###!!! [Parent][MessageChannel] Error: (msgtype=0x190001,name=PBrowser::Msg_AsyncMessage) Channel error: cannot send/recv


###!!! [Parent][MessageChannel] Error: (msgtype=0x190001,name=PBrowser::Msg_AsyncMessage) Channel error: cannot send/recv


###!!! [Parent][MessageChannel] Error: (msgtype=0x190001,name=PBrowser::Msg_AsyncMessage) Channel error: cannot send/recv


###!!! [Parent][MessageChannel] Error: (msgtype=0x190001,name=PBrowser::Msg_AsyncMessage) Channel error: cannot send/recv


###!!! [Parent][MessageChannel] Error: (msgtype=0x190001,name=PBrowser::Msg_AsyncMessage) Channel error: cannot send/recv


###!!! [Parent][MessageChannel] Error: (msgtype=0x190001,name=PBrowser::Msg_AsyncMessage) Channel error: cannot send/recv


###!!! [Parent][MessageChannel] Error: (msgtype=0x190001,name=PBrowser::Msg_AsyncMessage) Channel error: cannot send/recv


###!!! [Parent][MessageChannel] Error: (msgtype=0x190001,name=PBrowser::Msg_AsyncMessage) Channel error: cannot send/recv


###!!! [Parent][MessageChannel] Error: (msgtype=0x190001,name=PBrowser::Msg_AsyncMessage) Channel error: cannot send/recv


###!!! [Parent][MessageChannel] Error: (msgtype=0x190001,name=PBrowser::Msg_AsyncMessage) Channel error: cannot send/recv


###!!! [Parent][MessageChannel] Error: (msgtype=0x190001,name=PBrowser::Msg_AsyncMessage) Channel error: cannot send/recv


###!!! [Parent][MessageChannel] Error: (msgtype=0x190001,name=PBrowser::Msg_AsyncMessage) Channel error: cannot send/recv


###!!! [Parent][MessageChannel] Error: (msgtype=0x190001,name=PBrowser::Msg_AsyncMessage) Channel error: cannot send/recv


###!!! [Parent][MessageChannel] Error: (msgtype=0x190001,name=PBrowser::Msg_AsyncMessage) Channel error: cannot send/recv


###!!! [Parent][MessageChannel] Error: (msgtype=0x190001,name=PBrowser::Msg_AsyncMessage) Channel error: cannot send/recv


###!!! [Parent][MessageChannel] Error: (msgtype=0x190001,name=PBrowser::Msg_AsyncMessage) Channel error: cannot send/recv


###!!! [Parent][MessageChannel] Error: (msgtype=0x190001,name=PBrowser::Msg_AsyncMessage) Channel error: cannot send/recv


###!!! [Parent][MessageChannel] Error: (msgtype=0x190001,name=PBrowser::Msg_AsyncMessage) Channel error: cannot send/recv


###!!! [Parent][MessageChannel] Error: (msgtype=0x190001,name=PBrowser::Msg_AsyncMessage) Channel error: cannot send/recv


###!!! [Parent][MessageChannel] Error: (msgtype=0x190001,name=PBrowser::Msg_AsyncMessage) Channel error: cannot send/recv


###!!! [Parent][MessageChannel] Error: (msgtype=0x190001,name=PBrowser::Msg_AsyncMessage) Channel error: cannot send/recv


###!!! [Parent][MessageChannel] Error: (msgtype=0x190001,name=PBrowser::Msg_AsyncMessage) Channel error: cannot send/recv


###!!! [Parent][MessageChannel] Error: (msgtype=0x190084,name=PBrowser::Msg_Destroy) Channel error: cannot send/recv


###!!! [Parent][MessageChannel] Error: (msgtype=0x190084,name=PBrowser::Msg_Destroy) Channel error: cannot send/recv

Fontconfig error: "/etc/fonts/local.conf", line 1: no element found
Fontconfig error: "/etc/fonts/local.conf", line 1: no element found

###!!! [Parent][RunMessage] Error: Channel closing: too late to send/recv, messages will be lost


###!!! [Parent][RunMessage] Error: Channel closing: too late to send/recv, messages will be lost


###!!! [Parent][RunMessage] Error: Channel closing: too late to send/recv, messages will be lost


###!!! [Parent][RunMessage] Error: Channel closing: too late to send/recv, messages will be lost


###!!! [Parent][RunMessage] Error: Channel closing: too late to send/recv, messages will be lost


###!!! [Parent][RunMessage] Error: Channel closing: too late to send/recv, messages will be lost

[Parent 19199, Gecko_IOThread] WARNING: pipe error (153): Connection reset by peer: file /build/firefox-fvtOIe/firefox-64.0+linuxmint2+tessa/ipc/chromium/src/chrome/common/ipc_channel_posix.cc, line 363
[Child 29191, MediaPlayback #4] WARNING: Decoder=7ff7e21eda40 Decode error: NS_ERROR_DOM_MEDIA_FATAL_ERR (0x806e0005) - RefPtr<mozilla::MozPromise<RefPtr<mozilla::MediaTrackDemuxer::SamplesHolder>, mozilla::MediaResult, true> > mozilla::MediaSourceTrackDemuxer::DoGetSamples(int32_t): manager is detached.: file /build/firefox-fvtOIe/firefox-64.0+linuxmint2+tessa/dom/media/MediaDecoderStateMachine.cpp, line 3434
[Child 29191, MediaPlayback #2] WARNING: Decoder=7ff7e21eda40 Decode error: NS_ERROR_DOM_MEDIA_FATAL_ERR (0x806e0005) - RefPtr<mozilla::MozPromise<RefPtr<mozilla::MediaTrackDemuxer::SamplesHolder>, mozilla::MediaResult, true> > mozilla::MediaSourceTrackDemuxer::DoGetSamples(int32_t): manager is detached.: file /build/firefox-fvtOIe/firefox-64.0+linuxmint2+tessa/dom/media/MediaDecoderStateMachine.cpp, line 3434
[Child 29191, MediaPlayback #1] WARNING: Decoder=7ff7e21eda40 Decode error: NS_ERROR_DOM_MEDIA_FATAL_ERR (0x806e0005) - RefPtr<mozilla::MozPromise<RefPtr<mozilla::MediaTrackDemuxer::SamplesHolder>, mozilla::MediaResult, true> > mozilla::MediaSourceTrackDemuxer::DoGetSamples(int32_t): manager is detached.: file /build/firefox-fvtOIe/firefox-64.0+linuxmint2+tessa/dom/media/MediaDecoderStateMachine.cpp, line 3434
[Child 29191, MediaPlayback #4] WARNING: Decoder=7ff7e21eda40 Decode error: NS_ERROR_DOM_MEDIA_FATAL_ERR (0x806e0005) - RefPtr<mozilla::MozPromise<RefPtr<mozilla::MediaTrackDemuxer::SamplesHolder>, mozilla::MediaResult, true> > mozilla::MediaSourceTrackDemuxer::DoGetSamples(int32_t): manager is detached.: file /build/firefox-fvtOIe/firefox-64.0+linuxmint2+tessa/dom/media/MediaDecoderStateMachine.cpp, line 3434
[Child 29191, MediaPlayback #1] WARNING: Decoder=7ff7e21eda40 Decode error: NS_ERROR_DOM_MEDIA_FATAL_ERR (0x806e0005) - RefPtr<mozilla::MozPromise<RefPtr<mozilla::MediaTrackDemuxer::SamplesHolder>, mozilla::MediaResult, true> > mozilla::MediaSourceTrackDemuxer::DoGetSamples(int32_t): manager is detached.: file /build/firefox-fvtOIe/firefox-64.0+linuxmint2+tessa/dom/media/MediaDecoderStateMachine.cpp, line 3434
Fontconfig error: "/etc/fonts/local.conf", line 1: no element found
Fontconfig error: "/etc/fonts/local.conf", line 1: no element found

(/usr/lib/firefox/firefox:29268): dconf-WARNING **: 22:45:16.836: Unable to open /var/lib/flatpak/exports/share/dconf/profile/user: Permission denied
Fontconfig error: "/etc/fonts/local.conf", line 1: no element found
Fontconfig error: "/etc/fonts/local.conf", line 1: no element found
Fontconfig error: "/etc/fonts/local.conf", line 1: no element found
Fontconfig error: "/etc/fonts/local.conf", line 1: no element found
Fontconfig error: "/etc/fonts/local.conf", line 1: no element found
Fontconfig error: "/etc/fonts/local.conf", line 1: no element found
[Parent 19199, Gecko_IOThread] WARNING: pipe error (41): Connection reset by peer: file /build/firefox-fvtOIe/firefox-64.0+linuxmint2+tessa/ipc/chromium/src/chrome/common/ipc_channel_posix.cc, line 363

(/usr/lib/firefox/firefox:30295): dconf-WARNING **: 19:01:41.127: Unable to open /var/lib/flatpak/exports/share/dconf/profile/user: Permission denied
Fontconfig error: "/etc/fonts/local.conf", line 1: no element found
Fontconfig error: "/etc/fonts/local.conf", line 1: no element found
Fontconfig error: "/etc/fonts/local.conf", line 1: no element found
Fontconfig error: "/etc/fonts/local.conf", line 1: no element found
Fontconfig error: "/etc/fonts/local.conf", line 1: no element found
Fontconfig error: "/etc/fonts/local.conf", line 1: no element found
Fontconfig error: "/etc/fonts/local.conf", line 1: no element found
Fontconfig error: "/etc/fonts/local.conf", line 1: no element found
Fontconfig error: "/etc/fonts/local.conf", line 1: no element found
Fontconfig error: "/etc/fonts/local.conf", line 1: no element found
Fontconfig error: "/etc/fonts/local.conf", line 1: no element found
Fontconfig error: "/etc/fonts/local.conf", line 1: no element found
Fontconfig error: "/etc/fonts/local.conf", line 1: no element found
Fontconfig error: "/etc/fonts/local.conf", line 1: no element found
Fontconfig error: "/etc/fonts/local.conf", line 1: no element found
Fontconfig error: "/etc/fonts/local.conf", line 1: no element found
Fontconfig error: "/etc/fonts/local.conf", line 1: no element found
Fontconfig error: "/etc/fonts/local.conf", line 1: no element found
Fontconfig error: "/etc/fonts/local.conf", line 1: no element found
Fontconfig error: "/etc/fonts/local.conf", line 1: no element found
Fontconfig error: "/etc/fonts/local.conf", line 1: no element found
Fontconfig error: "/etc/fonts/local.conf", line 1: no element found
Fontconfig error: "/etc/fonts/local.conf", line 1: no element found

###!!! [Parent][MessageChannel] Error: (msgtype=0xE0008,name=PBackgroundIDBTransaction::Msg___delete__) Channel closing: too late to send/recv, messages will be lost

IPDL protocol error: Handler returned error code!

###!!! [Parent][DispatchAsyncMessage] Error: PBackgroundIDBTransaction::Msg_DeleteMe Processing error: message was deserialized, but the handler returned false (indicating failure)


###!!! [Parent][RunMessage] Error: Channel closing: too late to send/recv, messages will be lost


###!!! [Parent][RunMessage] Error: Channel closing: too late to send/recv, messages will be lost


###!!! [Parent][RunMessage] Error: Channel closing: too late to send/recv, messages will be lost

Fontconfig error: "/etc/fonts/local.conf", line 1: no element found
Fontconfig error: "/etc/fonts/local.conf", line 1: no element found
Fontconfig error: "/etc/fonts/local.conf", line 1: no element found
Fontconfig error: "/etc/fonts/local.conf", line 1: no element found
Fontconfig error: "/etc/fonts/local.conf", line 1: no element found
Fontconfig error: "/etc/fonts/local.conf", line 1: no element found
Fontconfig error: "/etc/fonts/local.conf", line 1: no element found
Fontconfig error: "/etc/fonts/local.conf", line 1: no element found
Fontconfig error: "/etc/fonts/local.conf", line 1: no element found
Fontconfig error: "/etc/fonts/local.conf", line 1: no element found
Fontconfig error: "/etc/fonts/local.conf", line 1: no element found
Fontconfig error: "/etc/fonts/local.conf", line 1: no element found
Fontconfig error: "/etc/fonts/local.conf", line 1: no element found
Fontconfig error: "/etc/fonts/local.conf", line 1: no element found
Fontconfig error: "/etc/fonts/local.conf", line 1: no element found
Fontconfig error: "/etc/fonts/local.conf", line 1: no element found
Fontconfig error: "/etc/fonts/local.conf", line 1: no element found

(/usr/lib/firefox/firefox:29191): dconf-WARNING **: 21:40:30.759: Unable to open /var/lib/flatpak/exports/share/dconf/profile/user: Permission denied
Fontconfig error: "/etc/fonts/local.conf", line 1: no element found
Fontconfig error: "/etc/fonts/local.conf", line 1: no element found
Fontconfig error: "/etc/fonts/local.conf", line 1: no element found
Fontconfig error: "/etc/fonts/local.conf", line 1: no element found
Fontconfig error: "/etc/fonts/local.conf", line 1: no element found
